Email sent successfully to bharathshanmugam12@gmail.com with subject: Inquiry Regarding Vacancies
Email sent successfully to bharathshanmugam12@gmail.com with subject: Inquiry Regarding Vacancies
Email sent successfully to bharathshanmugam12@gmail.com with subject: Inquiry Regarding Vacancies
Email sent successfully to bharathshanmugam12@gmail.com with subject: Inquiry Regarding Vacancies
Email sent successfully to bharathshanmugam12@gmail.com with subject: Inquiry Regarding Vacancies
Email sent successfully to bharathshanmugam12@gmail.com with subject: Inquiry Regarding Software/Cloud Engineer Position and Future Opportunities
Email sent successfully to bharath.shanmugam@tekstructers.com with subject: Inquiry Regarding Software/Cloud Engineer Position and Future Opportunities
Email sent successfully to madhumitha.shanmugam@tekstructers.com with subject: Inquiry Regarding Software/Cloud Engineer Position and Future Opportunities
Email sent successfully to bharathshanmugam12@gmail.com with subject: Inquiry Regarding Software/Cloud Engineer Position and Future Opportunities
Email sent successfully to yasamchaithanya999@gmail.com with subject: Inquiry Regarding Software/Cloud Engineer Position and Future Opportunities
Email sent successfully to aparna.tiwari@fractal.ai with subject: Inquiry Regarding Software/Cloud Engineer Position and Future Opportunities
Email sent successfully to mushahid@abbacustechnologies.com with subject: Inquiry Regarding Software/Cloud Engineer Position and Future Opportunities
Email sent successfully to moin@beamx.co with subject: Inquiry Regarding Software/Cloud Engineer Position and Future Opportunities
Error sending email to dhanu.ravi@.com: {'dhanu.ravi@.com': (553, b'5.1.3 The recipient address <dhanu.ravi@.com> is not a valid RFC 5321\n5.1.3 address. For more information, go to\n5.1.3  https://support.google.com/a/answer/3221692 and review RFC 5321\n5.1.3 specifications. d2e1a72fcca58-7205793175bsm1134806b3a.48 - gsmtp')}
Error sending email to vivek.ramarajan@.com: {'vivek.ramarajan@.com': (553, b'5.1.3 The recipient address <vivek.ramarajan@.com> is not a valid RFC 5321\n5.1.3 address. For more information, go to\n5.1.3  https://support.google.com/a/answer/3221692 and review RFC 5321\n5.1.3 specifications. 98e67ed59e1d1-2e8e3748c9esm1504779a91.41 - gsmtp')}
Error sending email to kruthika.venkataraman@.com: {'kruthika.venkataraman@.com': (553, b'5.1.3 The recipient address <kruthika.venkataraman@.com> is not a valid RFC\n5.1.3 5321 address. For more information, go to\n5.1.3  https://support.google.com/a/answer/3221692 and review RFC 5321\n5.1.3 specifications. 98e67ed59e1d1-2e8e37485c1sm1503364a91.39 - gsmtp')}
Error sending email to sowmya.dinesh@.com: {'sowmya.dinesh@.com': (553, b'5.1.3 The recipient address <sowmya.dinesh@.com> is not a valid RFC 5321\n5.1.3 address. For more information, go to\n5.1.3  https://support.google.com/a/answer/3221692 and review RFC 5321\n5.1.3 specifications. 41be03b00d2f7-7edc8679cf5sm1129968a12.23 - gsmtp')}
Email sent successfully to shweta.agrawal@thomsonreuters.com with subject: Inquiry Regarding Software/Cloud Engineer Position and Future Opportunities
Error sending email to babita.patnaik@.com: {'babita.patnaik@.com': (553, b'5.1.3 The recipient address <babita.patnaik@.com> is not a valid RFC 5321\n5.1.3 address. For more information, go to\n5.1.3  https://support.google.com/a/answer/3221692 and review RFC 5321\n5.1.3 specifications. 98e67ed59e1d1-2e8e3572e69sm1525449a91.16 - gsmtp')}
Email sent successfully to bansi.hindocha@synechron.com with subject: Inquiry Regarding Software/Cloud Engineer Position and Future Opportunities
Error sending email to rahul.k@.com: {'rahul.k@.com': (553, b'5.1.3 The recipient address <rahul.k@.com> is not a valid RFC 5321 address.\n5.1.3 For more information, go to\n5.1.3  https://support.google.com/a/answer/3221692 and review RFC 5321\n5.1.3 specifications. d9443c01a7336-210bbf44339sm10133935ad.32 - gsmtp')}
Email sent successfully to chintan.gada@zycus.com with subject: Inquiry Regarding Software/Cloud Engineer Position and Future Opportunities
Email sent successfully to kumari.kiran@bakerhughes.com with subject: Inquiry Regarding Software/Cloud Engineer Position and Future Opportunities
Email sent successfully to kiran.hv@bakerhughes.com with subject: Inquiry Regarding Software/Cloud Engineer Position and Future Opportunities
Email sent successfully to arpita.singh@equentis.com with subject: Inquiry Regarding Software/Cloud Engineer Position and Future Opportunities
Error sending email to adithi.venugopal@.com: {'adithi.venugopal@.com': (553, b'5.1.3 The recipient address <adithi.venugopal@.com> is not a valid RFC 5321\n5.1.3 address. For more information, go to\n5.1.3  https://support.google.com/a/answer/3221692 and review RFC 5321\n5.1.3 specifications. d9443c01a7336-210bc049570sm9997355ad.252 - gsmtp')}
Error sending email to riyanshi.agrawal@.com: {'riyanshi.agrawal@.com': (553, b'5.1.3 The recipient address <riyanshi.agrawal@.com> is not a valid RFC 5321\n5.1.3 address. For more information, go to\n5.1.3  https://support.google.com/a/answer/3221692 and review RFC 5321\n5.1.3 specifications. d2e1a72fcca58-7205793187csm1127255b3a.61 - gsmtp')}
Error sending email to priyadarshini.ponpandi@.com: {'priyadarshini.ponpandi@.com': (553, b'5.1.3 The recipient address <priyadarshini.ponpandi@.com> is not a valid RFC\n5.1.3 5321 address. For more information, go to\n5.1.3  https://support.google.com/a/answer/3221692 and review RFC 5321\n5.1.3 specifications. d9443c01a7336-210bc01368csm10143665ad.164 - gsmtp')}
Error sending email to sruthi.s@.com: {'sruthi.s@.com': (553, b'5.1.3 The recipient address <sruthi.s@.com> is not a valid RFC 5321 address.\n5.1.3 For more information, go to\n5.1.3  https://support.google.com/a/answer/3221692 and review RFC 5321\n5.1.3 specifications. d2e1a72fcca58-7205793584bsm1130942b3a.82 - gsmtp')}
Error sending email to santhosh kumar.karunanithi@.com: {'santhosh kumar.karunanithi@.com': (553, b'5.1.3 The recipient address <santhosh kumar.karunanithi@.com> is not a valid\n5.1.3 RFC 5321 address. For more information, go to\n5.1.3  https://support.google.com/a/answer/3221692 and review RFC 5321\n5.1.3 specifications. d9443c01a7336-210bbf6d4d2sm10169255ad.86 - gsmtp')}
Email sent successfully to bikash@best-quality-tests.in with subject: Inquiry Regarding Software/Cloud Engineer Position and Future Opportunities
Email sent successfully to sudeepta.sahoo@enpersol.com with subject: Inquiry Regarding Software/Cloud Engineer Position and Future Opportunities
Error sending email to aakash kumar.singh@.com: {'aakash kumar.singh@.com': (553, b'5.1.3 The recipient address <aakash kumar.singh@.com> is not a valid RFC\n5.1.3 5321 address. For more information, go to\n5.1.3  https://support.google.com/a/answer/3221692 and review RFC 5321\n5.1.3 specifications. 98e67ed59e1d1-2e8e3555adesm1511670a91.2 - gsmtp')}
Error sending email to mahin.ahamed@.com: {'mahin.ahamed@.com': (553, b'5.1.3 The recipient address <mahin.ahamed@.com> is not a valid RFC 5321\n5.1.3 address. For more information, go to\n5.1.3  https://support.google.com/a/answer/3221692 and review RFC 5321\n5.1.3 specifications. d9443c01a7336-210bc044cb1sm10114195ad.249 - gsmtp')}
Email sent successfully to vinaym@vmmcl.com with subject: Inquiry Regarding Software/Cloud Engineer Position and Future Opportunities
Error sending email to saravana kumar.pk@.com: {'saravana kumar.pk@.com': (553, b'5.1.3 The recipient address <saravana kumar.pk@.com> is not a valid RFC 5321\n5.1.3 address. For more information, go to\n5.1.3  https://support.google.com/a/answer/3221692 and review RFC 5321\n5.1.3 specifications. 98e67ed59e1d1-2e77e4c89a5sm3556893a91.20 - gsmtp')}
Error sending email to diwakar.thanasekar@.com: {'diwakar.thanasekar@.com': (553, b'5.1.3 The recipient address <diwakar.thanasekar@.com> is not a valid RFC\n5.1.3 5321 address. For more information, go to\n5.1.3  https://support.google.com/a/answer/3221692 and review RFC 5321\n5.1.3 specifications. d9443c01a7336-210bc02e755sm10041205ad.194 - gsmtp')}
Error sending email to ganesan.sathiyamoorthy@.com: {'ganesan.sathiyamoorthy@.com': (553, b'5.1.3 The recipient address <ganesan.sathiyamoorthy@.com> is not a valid RFC\n5.1.3 5321 address. For more information, go to\n5.1.3  https://support.google.com/a/answer/3221692 and review RFC 5321\n5.1.3 specifications. d2e1a72fcca58-72057a3d67fsm1128062b3a.204 - gsmtp')}
Error sending email to venkatesan.chandirasekar@.com: {'venkatesan.chandirasekar@.com': (553, b'5.1.3 The recipient address <venkatesan.chandirasekar@.com> is not a valid\n5.1.3 RFC 5321 address. For more information, go to\n5.1.3  https://support.google.com/a/answer/3221692 and review RFC 5321\n5.1.3 specifications. d9443c01a7336-210bbf6d6c7sm10186515ad.97 - gsmtp')}
