Single email sent successfully to: bharathshanmugam12@gmail.com with subject: Inquiry Regarding Vacancies.
Single email sent successfully to: bharathshanmugam12@gmail.com with subject: Inquiry Regarding Vacancies.
Single email sent successfully to: bharathshanmugam12@gmail.com with subject: Inquiry Regarding Vacancies.
Single email sent successfully to: bharathshanmugam12@gmail.com with subject: Inquiry Regarding Vacancies.
Single email sent successfully to: bharathshanmugam12@gmail.com with subject: Inquiry Regarding Vacancies.
Single email sent successfully to: bharathshanmugam12@gmail.com with subject: Inquiry Regarding Software/Cloud Engineer Position and Future Opportunities.
Email sent successfully to: bharath.shanmugam@tekstructers.com with subject: Inquiry Regarding Software/Cloud Engineer Position and Future Opportunities.
Email sent successfully to: madhumitha.shanmugam@tekstructers.com with subject: Inquiry Regarding Software/Cloud Engineer Position and Future Opportunities.
Email sent successfully to: bharathshanmugam12@gmail.com with subject: Inquiry Regarding Software/Cloud Engineer Position and Future Opportunities.
Single email sent successfully to: yasamchaithanya999@gmail.com with subject: Inquiry Regarding Software/Cloud Engineer Position and Future Opportunities.
Email sent successfully to: aparna.tiwari@fractal.ai with subject: Inquiry Regarding Software/Cloud Engineer Position and Future Opportunities.
Email sent successfully to: mushahid@abbacustechnologies.com with subject: Inquiry Regarding Software/Cloud Engineer Position and Future Opportunities.
Email sent successfully to: moin@beamx.co with subject: Inquiry Regarding Software/Cloud Engineer Position and Future Opportunities.
Email sent successfully to: shweta.agrawal@thomsonreuters.com with subject: Inquiry Regarding Software/Cloud Engineer Position and Future Opportunities.
Email sent successfully to: bansi.hindocha@synechron.com with subject: Inquiry Regarding Software/Cloud Engineer Position and Future Opportunities.
Email sent successfully to: chintan.gada@zycus.com with subject: Inquiry Regarding Software/Cloud Engineer Position and Future Opportunities.
Email sent successfully to: kumari.kiran@bakerhughes.com with subject: Inquiry Regarding Software/Cloud Engineer Position and Future Opportunities.
Email sent successfully to: kiran.hv@bakerhughes.com with subject: Inquiry Regarding Software/Cloud Engineer Position and Future Opportunities.
Email sent successfully to: arpita.singh@equentis.com with subject: Inquiry Regarding Software/Cloud Engineer Position and Future Opportunities.
Email sent successfully to: bikash@best-quality-tests.in with subject: Inquiry Regarding Software/Cloud Engineer Position and Future Opportunities.
Email sent successfully to: sudeepta.sahoo@enpersol.com with subject: Inquiry Regarding Software/Cloud Engineer Position and Future Opportunities.
Email sent successfully to: vinaym@vmmcl.com with subject: Inquiry Regarding Software/Cloud Engineer Position and Future Opportunities.
