Email sent successfully to bharathshanmugam12@gmail.com with subject: Inquiry Regarding Vacancies
Email sent successfully to bharath.shanmugam@tekstructers.com with subject: Inquiry Regarding intern
Email sent successfully to bharath.shanmugam@tekstructers.com with subject: Inquiry Regarding Vacancies
Email sent successfully to madhumitha.shanmugam@tekstructers.com with subject: Inquiry Regarding Vacancies
Email sent successfully to priyankas.bbhrdcon59@biocon.com with subject: Inquiry Regarding Vacancies
Email sent successfully to ronak.l@viralfission.com with subject: Inquiry Regarding Vacancies
Email sent successfully to careers@zapbuild.com with subject: Inquiry Regarding Vacancies
Email sent successfully to juhi.sharma@antrazal.com with subject: Inquiry Regarding Vacancies
Email sent successfully to HR@kotiboxglobaltech.com with subject: Inquiry Regarding Vacancies
Email sent successfully to kiran@linearloop.io with subject: Inquiry Regarding Vacancies
Email sent successfully to hello@tryidoltech.com with subject: Inquiry Regarding Vacancies
Email sent successfully to vidhi.thakkar@nuvama.com with subject: Inquiry Regarding Vacancies
Email sent successfully to mail@monyble.com with subject: Inquiry Regarding Vacancies
Email sent successfully to shweta.mishra@monyble.com with subject: Inquiry Regarding Vacancies
Email sent successfully to hr@driffle.com with subject: Inquiry Regarding Vacancies
Email sent successfully to info@scientiabusiness.online  with subject: Inquiry Regarding Data Science Intern
Email sent successfully to hr@tasklanceai.com with subject: Inquiry Regarding Data Science Intern
Error sending email to careers@delivergate.com.: {'careers@delivergate.com.': (553, b'5.1.3 The recipient address <careers@delivergate.com.> is not a valid RFC\n5.1.3 5321 address. For more information, go to\n5.1.3  https://support.google.com/a/answer/3221692 and review RFC 5321\n5.1.3 specifications. d9443c01a7336-20e7f109b8bsm27743105ad.303 - gsmtp')}
Email sent successfully to drishyar@chiselontechnologies.com with subject: Inquiry Regarding Vacancies
Email sent successfully to careers@delivergate.com with subject: Inquiry Regarding Data Engineer Intern
